POST={"order_id":"77","status":"canceled"}
RAW=order_id=77&status=canceled

POST={"order_id":"77","status":"ready"}
RAW=order_id=77&status=ready

POST={"order_id":"76","status":"accepted"}
RAW=order_id=76&status=accepted

POST={"order_id":"78","status":"preparing"}
RAW=order_id=78&status=preparing

POST={"order_id":"16","status":"ready"}
RAW=order_id=16&status=ready

POST={"order_id":"12","status":"completed"}
RAW=order_id=12&status=completed

POST={"order_id":"79","status":"preparing"}
RAW=order_id=79&status=preparing

POST={"order_id":"80","status":"accepted"}
RAW=order_id=80&status=accepted

POST={"order_id":"80","status":"pending"}
RAW=order_id=80&status=pending

POST={"order_id":"80","status":"preparing"}
RAW=order_id=80&status=preparing

POST={"order_id":"13","status":"ready"}
RAW=order_id=13&status=ready

POST={"order_id":"80","status":"ready"}
RAW=order_id=80&status=ready

POST={"order_id":"81","status":"ready"}
RAW=order_id=81&status=ready

POST={"order_id":"81","status":"accepted"}
RAW=order_id=81&status=accepted

POST={"order_id":"68","status":"preparing"}
RAW=order_id=68&status=preparing

POST={"order_id":"81","status":"ready"}
RAW=order_id=81&status=ready

